Traceback (most recent call last):
  File "/home/visualsnow/RevGrabber/passenger_wsgi.py", line 8, in <module>
    wsgi = imp.load_source('wsgi', 'check_word.py')
  File "/opt/alt/python39/lib64/python3.9/imp.py", line 171, in load_source
    module = _load(spec)
  File "<frozen importlib._bootstrap>", line 711, in _load
  File "<frozen importlib._bootstrap>", line 680, in _load_unlocked
  File "<frozen importlib._bootstrap_external>", line 850, in exec_module
  File "<frozen importlib._bootstrap>", line 228, in _call_with_frames_removed
  File "check_word.py", line 1, in <module>
    import requests
ModuleNotFoundError: No module named 'requests'
Traceback (most recent call last):
  File "/home/visualsnow/RevGrabber/passenger_wsgi.py", line 8, in <module>
    wsgi = imp.load_source('wsgi', 'check_word.py')
  File "/opt/alt/python39/lib64/python3.9/imp.py", line 171, in load_source
    module = _load(spec)
  File "<frozen importlib._bootstrap>", line 711, in _load
  File "<frozen importlib._bootstrap>", line 680, in _load_unlocked
  File "<frozen importlib._bootstrap_external>", line 850, in exec_module
  File "<frozen importlib._bootstrap>", line 228, in _call_with_frames_removed
  File "check_word.py", line 1, in <module>
    import requests
ModuleNotFoundError: No module named 'requests'
Traceback (most recent call last):
  File "/home/visualsnow/RevGrabber/passenger_wsgi.py", line 8, in <module>
    wsgi = imp.load_source('wsgi', 'check_word.py')
  File "/opt/alt/python39/lib64/python3.9/imp.py", line 171, in load_source
    module = _load(spec)
  File "<frozen importlib._bootstrap>", line 711, in _load
  File "<frozen importlib._bootstrap>", line 680, in _load_unlocked
  File "<frozen importlib._bootstrap_external>", line 850, in exec_module
  File "<frozen importlib._bootstrap>", line 228, in _call_with_frames_removed
  File "check_word.py", line 1, in <module>
    import requests
ModuleNotFoundError: No module named 'requests'
Traceback (most recent call last):
  File "/home/visualsnow/RevGrabber/passenger_wsgi.py", line 8, in <module>
    wsgi = imp.load_source('wsgi', 'check_word.py')
  File "/opt/alt/python39/lib64/python3.9/imp.py", line 171, in load_source
    module = _load(spec)
  File "<frozen importlib._bootstrap>", line 711, in _load
  File "<frozen importlib._bootstrap>", line 680, in _load_unlocked
  File "<frozen importlib._bootstrap_external>", line 850, in exec_module
  File "<frozen importlib._bootstrap>", line 228, in _call_with_frames_removed
  File "check_word.py", line 1, in <module>
    import requests
ModuleNotFoundError: No module named 'requests'
Traceback (most recent call last):
  File "/home/visualsnow/RevGrabber/passenger_wsgi.py", line 8, in <module>
    wsgi = imp.load_source('wsgi', 'check_word.py')
  File "/opt/alt/python39/lib64/python3.9/imp.py", line 171, in load_source
    module = _load(spec)
  File "<frozen importlib._bootstrap>", line 711, in _load
  File "<frozen importlib._bootstrap>", line 680, in _load_unlocked
  File "<frozen importlib._bootstrap_external>", line 850, in exec_module
  File "<frozen importlib._bootstrap>", line 228, in _call_with_frames_removed
  File "check_word.py", line 1, in <module>
    import requests
ModuleNotFoundError: No module named 'requests'
Traceback (most recent call last):
  File "/home/visualsnow/RevGrabber/passenger_wsgi.py", line 8, in <module>
    wsgi = imp.load_source('wsgi', 'check_word.py')
  File "/opt/alt/python39/lib64/python3.9/imp.py", line 171, in load_source
    module = _load(spec)
  File "<frozen importlib._bootstrap>", line 711, in _load
  File "<frozen importlib._bootstrap>", line 680, in _load_unlocked
  File "<frozen importlib._bootstrap_external>", line 850, in exec_module
  File "<frozen importlib._bootstrap>", line 228, in _call_with_frames_removed
  File "check_word.py", line 1, in <module>
    import requests
ModuleNotFoundError: No module named 'requests'
Traceback (most recent call last):
  File "/home/visualsnow/RevGrabber/passenger_wsgi.py", line 8, in <module>
    wsgi = imp.load_source('wsgi', 'check_word.py')
  File "/opt/alt/python39/lib64/python3.9/imp.py", line 171, in load_source
    module = _load(spec)
  File "<frozen importlib._bootstrap>", line 711, in _load
  File "<frozen importlib._bootstrap>", line 680, in _load_unlocked
  File "<frozen importlib._bootstrap_external>", line 850, in exec_module
  File "<frozen importlib._bootstrap>", line 228, in _call_with_frames_removed
  File "check_word.py", line 1, in <module>
    import requests
ModuleNotFoundError: No module named 'requests'
Traceback (most recent call last):
  File "/home/visualsnow/RevGrabber/passenger_wsgi.py", line 8, in <module>
    wsgi = imp.load_source('wsgi', 'check_word.py')
  File "/opt/alt/python39/lib64/python3.9/imp.py", line 171, in load_source
    module = _load(spec)
  File "<frozen importlib._bootstrap>", line 711, in _load
  File "<frozen importlib._bootstrap>", line 680, in _load_unlocked
  File "<frozen importlib._bootstrap_external>", line 850, in exec_module
  File "<frozen importlib._bootstrap>", line 228, in _call_with_frames_removed
  File "check_word.py", line 1, in <module>
    import requests
ModuleNotFoundError: No module named 'requests'
Traceback (most recent call last):
  File "/home/visualsnow/RevGrabber/passenger_wsgi.py", line 8, in <module>
    wsgi = imp.load_source('wsgi', 'check_word.py')
  File "/opt/alt/python39/lib64/python3.9/imp.py", line 171, in load_source
    module = _load(spec)
  File "<frozen importlib._bootstrap>", line 711, in _load
  File "<frozen importlib._bootstrap>", line 680, in _load_unlocked
  File "<frozen importlib._bootstrap_external>", line 850, in exec_module
  File "<frozen importlib._bootstrap>", line 228, in _call_with_frames_removed
  File "check_word.py", line 1, in <module>
    import requests
ModuleNotFoundError: No module named 'requests'
Traceback (most recent call last):
  File "/home/visualsnow/RevGrabber/passenger_wsgi.py", line 8, in <module>
    wsgi = imp.load_source('wsgi', 'check_word.py')
  File "/opt/alt/python39/lib64/python3.9/imp.py", line 171, in load_source
    module = _load(spec)
  File "<frozen importlib._bootstrap>", line 711, in _load
  File "<frozen importlib._bootstrap>", line 680, in _load_unlocked
  File "<frozen importlib._bootstrap_external>", line 850, in exec_module
  File "<frozen importlib._bootstrap>", line 228, in _call_with_frames_removed
  File "check_word.py", line 1, in <module>
    import requests
ModuleNotFoundError: No module named 'requests'
Traceback (most recent call last):
  File "/home/visualsnow/RevGrabber/passenger_wsgi.py", line 8, in <module>
    wsgi = imp.load_source('wsgi', 'check_word.py')
  File "/opt/alt/python39/lib64/python3.9/imp.py", line 171, in load_source
    module = _load(spec)
  File "<frozen importlib._bootstrap>", line 711, in _load
  File "<frozen importlib._bootstrap>", line 680, in _load_unlocked
  File "<frozen importlib._bootstrap_external>", line 850, in exec_module
  File "<frozen importlib._bootstrap>", line 228, in _call_with_frames_removed
  File "check_word.py", line 1, in <module>
    import requests
ModuleNotFoundError: No module named 'requests'
Traceback (most recent call last):
  File "/home/visualsnow/RevGrabber/passenger_wsgi.py", line 8, in <module>
    wsgi = imp.load_source('wsgi', 'check_word.py')
  File "/opt/alt/python39/lib64/python3.9/imp.py", line 171, in load_source
    module = _load(spec)
  File "<frozen importlib._bootstrap>", line 711, in _load
  File "<frozen importlib._bootstrap>", line 680, in _load_unlocked
  File "<frozen importlib._bootstrap_external>", line 850, in exec_module
  File "<frozen importlib._bootstrap>", line 228, in _call_with_frames_removed
  File "check_word.py", line 1, in <module>
    import requests
ModuleNotFoundError: No module named 'requests'
Traceback (most recent call last):
  File "/home/visualsnow/RevGrabber/passenger_wsgi.py", line 8, in <module>
    wsgi = imp.load_source('wsgi', 'check_word.py')
  File "/opt/alt/python39/lib64/python3.9/imp.py", line 171, in load_source
    module = _load(spec)
  File "<frozen importlib._bootstrap>", line 711, in _load
  File "<frozen importlib._bootstrap>", line 680, in _load_unlocked
  File "<frozen importlib._bootstrap_external>", line 850, in exec_module
  File "<frozen importlib._bootstrap>", line 228, in _call_with_frames_removed
  File "check_word.py", line 1, in <module>
    import requests
ModuleNotFoundError: No module named 'requests'
Traceback (most recent call last):
  File "/home/visualsnow/RevGrabber/passenger_wsgi.py", line 8, in <module>
    wsgi = imp.load_source('wsgi', 'check_word.py')
  File "/opt/alt/python39/lib64/python3.9/imp.py", line 171, in load_source
    module = _load(spec)
  File "<frozen importlib._bootstrap>", line 711, in _load
  File "<frozen importlib._bootstrap>", line 680, in _load_unlocked
  File "<frozen importlib._bootstrap_external>", line 850, in exec_module
  File "<frozen importlib._bootstrap>", line 228, in _call_with_frames_removed
  File "check_word.py", line 1, in <module>
    import requests
ModuleNotFoundError: No module named 'requests'
Traceback (most recent call last):
  File "/home/visualsnow/RevGrabber/passenger_wsgi.py", line 8, in <module>
    wsgi = imp.load_source('wsgi', 'check_word.py')
  File "/opt/alt/python39/lib64/python3.9/imp.py", line 171, in load_source
    module = _load(spec)
  File "<frozen importlib._bootstrap>", line 711, in _load
  File "<frozen importlib._bootstrap>", line 680, in _load_unlocked
  File "<frozen importlib._bootstrap_external>", line 850, in exec_module
  File "<frozen importlib._bootstrap>", line 228, in _call_with_frames_removed
  File "check_word.py", line 1, in <module>
    import requests
ModuleNotFoundError: No module named 'requests'
Traceback (most recent call last):
  File "/home/visualsnow/RevGrabber/passenger_wsgi.py", line 8, in <module>
    wsgi = imp.load_source('wsgi', 'check_word.py')
  File "/opt/alt/python39/lib64/python3.9/imp.py", line 171, in load_source
    module = _load(spec)
  File "<frozen importlib._bootstrap>", line 711, in _load
  File "<frozen importlib._bootstrap>", line 680, in _load_unlocked
  File "<frozen importlib._bootstrap_external>", line 850, in exec_module
  File "<frozen importlib._bootstrap>", line 228, in _call_with_frames_removed
  File "check_word.py", line 1, in <module>
    import requests
ModuleNotFoundError: No module named 'requests'
Traceback (most recent call last):
  File "/home/visualsnow/RevGrabber/passenger_wsgi.py", line 8, in <module>
    wsgi = imp.load_source('wsgi', 'check_word.py')
  File "/opt/alt/python39/lib64/python3.9/imp.py", line 171, in load_source
    module = _load(spec)
  File "<frozen importlib._bootstrap>", line 711, in _load
  File "<frozen importlib._bootstrap>", line 680, in _load_unlocked
  File "<frozen importlib._bootstrap_external>", line 850, in exec_module
  File "<frozen importlib._bootstrap>", line 228, in _call_with_frames_removed
  File "check_word.py", line 1, in <module>
    import requests
ModuleNotFoundError: No module named 'requests'
Traceback (most recent call last):
  File "/home/visualsnow/RevGrabber/passenger_wsgi.py", line 8, in <module>
    wsgi = imp.load_source('wsgi', 'check_word.py')
  File "/opt/alt/python39/lib64/python3.9/imp.py", line 171, in load_source
    module = _load(spec)
  File "<frozen importlib._bootstrap>", line 711, in _load
  File "<frozen importlib._bootstrap>", line 680, in _load_unlocked
  File "<frozen importlib._bootstrap_external>", line 850, in exec_module
  File "<frozen importlib._bootstrap>", line 228, in _call_with_frames_removed
  File "check_word.py", line 1, in <module>
    import requests
ModuleNotFoundError: No module named 'requests'
Traceback (most recent call last):
  File "/home/visualsnow/RevGrabber/passenger_wsgi.py", line 8, in <module>
    wsgi = imp.load_source('wsgi', 'check_word.py')
  File "/opt/alt/python39/lib64/python3.9/imp.py", line 171, in load_source
    module = _load(spec)
  File "<frozen importlib._bootstrap>", line 711, in _load
  File "<frozen importlib._bootstrap>", line 680, in _load_unlocked
  File "<frozen importlib._bootstrap_external>", line 850, in exec_module
  File "<frozen importlib._bootstrap>", line 228, in _call_with_frames_removed
  File "check_word.py", line 1, in <module>
    import requests
ModuleNotFoundError: No module named 'requests'
Traceback (most recent call last):
  File "/home/visualsnow/RevGrabber/passenger_wsgi.py", line 8, in <module>
    wsgi = imp.load_source('wsgi', 'check_word.py')
  File "/opt/alt/python39/lib64/python3.9/imp.py", line 171, in load_source
    module = _load(spec)
  File "<frozen importlib._bootstrap>", line 711, in _load
  File "<frozen importlib._bootstrap>", line 680, in _load_unlocked
  File "<frozen importlib._bootstrap_external>", line 850, in exec_module
  File "<frozen importlib._bootstrap>", line 228, in _call_with_frames_removed
  File "check_word.py", line 1, in <module>
    import requests
ModuleNotFoundError: No module named 'requests'
Traceback (most recent call last):
  File "/home/visualsnow/RevGrabber/passenger_wsgi.py", line 8, in <module>
    wsgi = imp.load_source('wsgi', 'check_word.py')
  File "/opt/alt/python39/lib64/python3.9/imp.py", line 171, in load_source
    module = _load(spec)
  File "<frozen importlib._bootstrap>", line 711, in _load
  File "<frozen importlib._bootstrap>", line 680, in _load_unlocked
  File "<frozen importlib._bootstrap_external>", line 850, in exec_module
  File "<frozen importlib._bootstrap>", line 228, in _call_with_frames_removed
  File "check_word.py", line 1, in <module>
    import requests
ModuleNotFoundError: No module named 'requests'
Traceback (most recent call last):
  File "/home/visualsnow/RevGrabber/passenger_wsgi.py", line 8, in <module>
    wsgi = imp.load_source('wsgi', 'check_word.py')
  File "/opt/alt/python39/lib64/python3.9/imp.py", line 171, in load_source
    module = _load(spec)
  File "<frozen importlib._bootstrap>", line 711, in _load
  File "<frozen importlib._bootstrap>", line 680, in _load_unlocked
  File "<frozen importlib._bootstrap_external>", line 850, in exec_module
  File "<frozen importlib._bootstrap>", line 228, in _call_with_frames_removed
  File "check_word.py", line 1, in <module>
    import requests
ModuleNotFoundError: No module named 'requests'
Traceback (most recent call last):
  File "/home/visualsnow/RevGrabber/passenger_wsgi.py", line 8, in <module>
    wsgi = imp.load_source('wsgi', 'check_word.py')
  File "/opt/alt/python39/lib64/python3.9/imp.py", line 171, in load_source
    module = _load(spec)
  File "<frozen importlib._bootstrap>", line 711, in _load
  File "<frozen importlib._bootstrap>", line 680, in _load_unlocked
  File "<frozen importlib._bootstrap_external>", line 850, in exec_module
  File "<frozen importlib._bootstrap>", line 228, in _call_with_frames_removed
  File "check_word.py", line 1, in <module>
    import requests
ModuleNotFoundError: No module named 'requests'
Traceback (most recent call last):
  File "/home/visualsnow/RevGrabber/passenger_wsgi.py", line 8, in <module>
    wsgi = imp.load_source('wsgi', 'check_word.py')
  File "/opt/alt/python39/lib64/python3.9/imp.py", line 171, in load_source
    module = _load(spec)
  File "<frozen importlib._bootstrap>", line 711, in _load
  File "<frozen importlib._bootstrap>", line 680, in _load_unlocked
  File "<frozen importlib._bootstrap_external>", line 850, in exec_module
  File "<frozen importlib._bootstrap>", line 228, in _call_with_frames_removed
  File "check_word.py", line 1, in <module>
    import requests
ModuleNotFoundError: No module named 'requests'
Traceback (most recent call last):
  File "/home/visualsnow/RevGrabber/passenger_wsgi.py", line 8, in <module>
    wsgi = imp.load_source('wsgi', 'check_word.py')
  File "/opt/alt/python39/lib64/python3.9/imp.py", line 171, in load_source
    module = _load(spec)
  File "<frozen importlib._bootstrap>", line 711, in _load
  File "<frozen importlib._bootstrap>", line 680, in _load_unlocked
  File "<frozen importlib._bootstrap_external>", line 850, in exec_module
  File "<frozen importlib._bootstrap>", line 228, in _call_with_frames_removed
  File "check_word.py", line 1, in <module>
    import requests
ModuleNotFoundError: No module named 'requests'
Traceback (most recent call last):
  File "/home/visualsnow/RevGrabber/passenger_wsgi.py", line 8, in <module>
    wsgi = imp.load_source('wsgi', 'check_word.py')
  File "/opt/alt/python39/lib64/python3.9/imp.py", line 171, in load_source
    module = _load(spec)
  File "<frozen importlib._bootstrap>", line 711, in _load
  File "<frozen importlib._bootstrap>", line 680, in _load_unlocked
  File "<frozen importlib._bootstrap_external>", line 850, in exec_module
  File "<frozen importlib._bootstrap>", line 228, in _call_with_frames_removed
  File "check_word.py", line 1, in <module>
    import requests
ModuleNotFoundError: No module named 'requests'
Traceback (most recent call last):
  File "/home/visualsnow/RevGrabber/passenger_wsgi.py", line 8, in <module>
    wsgi = imp.load_source('wsgi', 'check_word.py')
  File "/opt/alt/python39/lib64/python3.9/imp.py", line 171, in load_source
    module = _load(spec)
  File "<frozen importlib._bootstrap>", line 711, in _load
  File "<frozen importlib._bootstrap>", line 680, in _load_unlocked
  File "<frozen importlib._bootstrap_external>", line 850, in exec_module
  File "<frozen importlib._bootstrap>", line 228, in _call_with_frames_removed
  File "check_word.py", line 1, in <module>
    import requests
ModuleNotFoundError: No module named 'requests'
Traceback (most recent call last):
  File "/home/visualsnow/RevGrabber/passenger_wsgi.py", line 8, in <module>
    wsgi = imp.load_source('wsgi', 'check_word.py')
  File "/opt/alt/python39/lib64/python3.9/imp.py", line 171, in load_source
    module = _load(spec)
  File "<frozen importlib._bootstrap>", line 711, in _load
  File "<frozen importlib._bootstrap>", line 680, in _load_unlocked
  File "<frozen importlib._bootstrap_external>", line 850, in exec_module
  File "<frozen importlib._bootstrap>", line 228, in _call_with_frames_removed
  File "check_word.py", line 1, in <module>
    import requests
ModuleNotFoundError: No module named 'requests'
Traceback (most recent call last):
  File "/home/visualsnow/RevGrabber/passenger_wsgi.py", line 8, in <module>
    wsgi = imp.load_source('wsgi', 'check_word.py')
  File "/opt/alt/python39/lib64/python3.9/imp.py", line 171, in load_source
    module = _load(spec)
  File "<frozen importlib._bootstrap>", line 711, in _load
  File "<frozen importlib._bootstrap>", line 680, in _load_unlocked
  File "<frozen importlib._bootstrap_external>", line 850, in exec_module
  File "<frozen importlib._bootstrap>", line 228, in _call_with_frames_removed
  File "check_word.py", line 1, in <module>
    import requests
ModuleNotFoundError: No module named 'requests'
Traceback (most recent call last):
  File "/home/visualsnow/RevGrabber/passenger_wsgi.py", line 8, in <module>
    wsgi = imp.load_source('wsgi', 'check_word.py')
  File "/opt/alt/python39/lib64/python3.9/imp.py", line 171, in load_source
    module = _load(spec)
  File "<frozen importlib._bootstrap>", line 711, in _load
  File "<frozen importlib._bootstrap>", line 680, in _load_unlocked
  File "<frozen importlib._bootstrap_external>", line 850, in exec_module
  File "<frozen importlib._bootstrap>", line 228, in _call_with_frames_removed
  File "check_word.py", line 1, in <module>
    import requests
ModuleNotFoundError: No module named 'requests'
Traceback (most recent call last):
  File "/home/visualsnow/RevGrabber/passenger_wsgi.py", line 8, in <module>
    wsgi = imp.load_source('wsgi', 'check_word.py')
  File "/opt/alt/python39/lib64/python3.9/imp.py", line 171, in load_source
    module = _load(spec)
  File "<frozen importlib._bootstrap>", line 711, in _load
  File "<frozen importlib._bootstrap>", line 680, in _load_unlocked
  File "<frozen importlib._bootstrap_external>", line 850, in exec_module
  File "<frozen importlib._bootstrap>", line 228, in _call_with_frames_removed
  File "check_word.py", line 1, in <module>
    import requests
ModuleNotFoundError: No module named 'requests'
Traceback (most recent call last):
  File "/home/visualsnow/RevGrabber/passenger_wsgi.py", line 8, in <module>
    wsgi = imp.load_source('wsgi', 'check_word.py')
  File "/opt/alt/python39/lib64/python3.9/imp.py", line 171, in load_source
    module = _load(spec)
  File "<frozen importlib._bootstrap>", line 711, in _load
  File "<frozen importlib._bootstrap>", line 680, in _load_unlocked
  File "<frozen importlib._bootstrap_external>", line 850, in exec_module
  File "<frozen importlib._bootstrap>", line 228, in _call_with_frames_removed
  File "check_word.py", line 1, in <module>
    import requests
ModuleNotFoundError: No module named 'requests'
Traceback (most recent call last):
  File "/home/visualsnow/RevGrabber/passenger_wsgi.py", line 8, in <module>
    wsgi = imp.load_source('wsgi', 'check_word.py')
  File "/opt/alt/python39/lib64/python3.9/imp.py", line 171, in load_source
    module = _load(spec)
  File "<frozen importlib._bootstrap>", line 711, in _load
  File "<frozen importlib._bootstrap>", line 680, in _load_unlocked
  File "<frozen importlib._bootstrap_external>", line 850, in exec_module
  File "<frozen importlib._bootstrap>", line 228, in _call_with_frames_removed
  File "check_word.py", line 1, in <module>
    import requests
ModuleNotFoundError: No module named 'requests'
Traceback (most recent call last):
  File "/home/visualsnow/RevGrabber/passenger_wsgi.py", line 8, in <module>
    wsgi = imp.load_source('wsgi', 'check_word.py')
  File "/opt/alt/python39/lib64/python3.9/imp.py", line 171, in load_source
    module = _load(spec)
  File "<frozen importlib._bootstrap>", line 711, in _load
  File "<frozen importlib._bootstrap>", line 680, in _load_unlocked
  File "<frozen importlib._bootstrap_external>", line 850, in exec_module
  File "<frozen importlib._bootstrap>", line 228, in _call_with_frames_removed
  File "check_word.py", line 1, in <module>
    import requests
ModuleNotFoundError: No module named 'requests'
Traceback (most recent call last):
  File "/home/visualsnow/RevGrabber/passenger_wsgi.py", line 8, in <module>
    wsgi = imp.load_source('wsgi', 'check_word.py')
  File "/opt/alt/python39/lib64/python3.9/imp.py", line 171, in load_source
    module = _load(spec)
  File "<frozen importlib._bootstrap>", line 711, in _load
  File "<frozen importlib._bootstrap>", line 680, in _load_unlocked
  File "<frozen importlib._bootstrap_external>", line 850, in exec_module
  File "<frozen importlib._bootstrap>", line 228, in _call_with_frames_removed
  File "check_word.py", line 1, in <module>
    import requests
ModuleNotFoundError: No module named 'requests'
Traceback (most recent call last):
  File "/home/visualsnow/RevGrabber/passenger_wsgi.py", line 8, in <module>
    wsgi = imp.load_source('wsgi', 'check_word.py')
  File "/opt/alt/python39/lib64/python3.9/imp.py", line 171, in load_source
    module = _load(spec)
  File "<frozen importlib._bootstrap>", line 711, in _load
  File "<frozen importlib._bootstrap>", line 680, in _load_unlocked
  File "<frozen importlib._bootstrap_external>", line 850, in exec_module
  File "<frozen importlib._bootstrap>", line 228, in _call_with_frames_removed
  File "check_word.py", line 1, in <module>
    import requests
ModuleNotFoundError: No module named 'requests'
Traceback (most recent call last):
  File "/home/visualsnow/RevGrabber/passenger_wsgi.py", line 8, in <module>
    wsgi = imp.load_source('wsgi', 'check_word.py')
  File "/opt/alt/python39/lib64/python3.9/imp.py", line 171, in load_source
    module = _load(spec)
  File "<frozen importlib._bootstrap>", line 711, in _load
  File "<frozen importlib._bootstrap>", line 680, in _load_unlocked
  File "<frozen importlib._bootstrap_external>", line 850, in exec_module
  File "<frozen importlib._bootstrap>", line 228, in _call_with_frames_removed
  File "check_word.py", line 1, in <module>
    import requests
ModuleNotFoundError: No module named 'requests'
Traceback (most recent call last):
  File "/home/visualsnow/RevGrabber/passenger_wsgi.py", line 8, in <module>
    wsgi = imp.load_source('wsgi', 'check_word.py')
  File "/opt/alt/python39/lib64/python3.9/imp.py", line 171, in load_source
    module = _load(spec)
  File "<frozen importlib._bootstrap>", line 711, in _load
  File "<frozen importlib._bootstrap>", line 680, in _load_unlocked
  File "<frozen importlib._bootstrap_external>", line 850, in exec_module
  File "<frozen importlib._bootstrap>", line 228, in _call_with_frames_removed
  File "check_word.py", line 1, in <module>
    import requests
ModuleNotFoundError: No module named 'requests'
Traceback (most recent call last):
  File "/home/visualsnow/RevGrabber/passenger_wsgi.py", line 4, in <module>
    from check_word import app as application  # Ensure 'check_word.py' defines an 'app' object
  File "/home/visualsnow/RevGrabber/check_word.py", line 1, in <module>
    import requests
ModuleNotFoundError: No module named 'requests'
Traceback (most recent call last):
  File "/home/visualsnow/RevGrabber/passenger_wsgi.py", line 8, in <module>
    wsgi = imp.load_source('wsgi', 'check_word.py')
  File "/opt/alt/python39/lib64/python3.9/imp.py", line 171, in load_source
    module = _load(spec)
  File "<frozen importlib._bootstrap>", line 711, in _load
  File "<frozen importlib._bootstrap>", line 680, in _load_unlocked
  File "<frozen importlib._bootstrap_external>", line 850, in exec_module
  File "<frozen importlib._bootstrap>", line 228, in _call_with_frames_removed
  File "check_word.py", line 1, in <module>
    import requests
ModuleNotFoundError: No module named 'requests'
Traceback (most recent call last):
  File "/home/visualsnow/RevGrabber/passenger_wsgi.py", line 8, in <module>
    wsgi = imp.load_source('wsgi', 'check_word.py')
  File "/opt/alt/python39/lib64/python3.9/imp.py", line 171, in load_source
    module = _load(spec)
  File "<frozen importlib._bootstrap>", line 711, in _load
  File "<frozen importlib._bootstrap>", line 680, in _load_unlocked
  File "<frozen importlib._bootstrap_external>", line 850, in exec_module
  File "<frozen importlib._bootstrap>", line 228, in _call_with_frames_removed
  File "check_word.py", line 1, in <module>
    import requests
ModuleNotFoundError: No module named 'requests'
Traceback (most recent call last):
  File "/home/visualsnow/RevGrabber/passenger_wsgi.py", line 8, in <module>
    wsgi = imp.load_source('wsgi', 'check_word.py')
  File "/opt/alt/python39/lib64/python3.9/imp.py", line 171, in load_source
    module = _load(spec)
  File "<frozen importlib._bootstrap>", line 711, in _load
  File "<frozen importlib._bootstrap>", line 680, in _load_unlocked
  File "<frozen importlib._bootstrap_external>", line 850, in exec_module
  File "<frozen importlib._bootstrap>", line 228, in _call_with_frames_removed
  File "check_word.py", line 1, in <module>
    import requests
ModuleNotFoundError: No module named 'requests'
Traceback (most recent call last):
  File "/home/visualsnow/RevGrabber/passenger_wsgi.py", line 8, in <module>
    wsgi = imp.load_source('wsgi', 'check_word.py')
  File "/opt/alt/python39/lib64/python3.9/imp.py", line 171, in load_source
    module = _load(spec)
  File "<frozen importlib._bootstrap>", line 711, in _load
  File "<frozen importlib._bootstrap>", line 680, in _load_unlocked
  File "<frozen importlib._bootstrap_external>", line 850, in exec_module
  File "<frozen importlib._bootstrap>", line 228, in _call_with_frames_removed
  File "check_word.py", line 1, in <module>
    import requests
ModuleNotFoundError: No module named 'requests'
Traceback (most recent call last):
  File "/home/visualsnow/RevGrabber/passenger_wsgi.py", line 8, in <module>
    wsgi = imp.load_source('wsgi', 'check_word.py')
  File "/opt/alt/python39/lib64/python3.9/imp.py", line 171, in load_source
    module = _load(spec)
  File "<frozen importlib._bootstrap>", line 711, in _load
  File "<frozen importlib._bootstrap>", line 680, in _load_unlocked
  File "<frozen importlib._bootstrap_external>", line 850, in exec_module
  File "<frozen importlib._bootstrap>", line 228, in _call_with_frames_removed
  File "check_word.py", line 1, in <module>
    import requests
ModuleNotFoundError: No module named 'requests'
Traceback (most recent call last):
  File "/home/visualsnow/RevGrabber/passenger_wsgi.py", line 8, in <module>
    wsgi = imp.load_source('wsgi', 'check_word.py')
  File "/opt/alt/python39/lib64/python3.9/imp.py", line 171, in load_source
    module = _load(spec)
  File "<frozen importlib._bootstrap>", line 711, in _load
  File "<frozen importlib._bootstrap>", line 680, in _load_unlocked
  File "<frozen importlib._bootstrap_external>", line 850, in exec_module
  File "<frozen importlib._bootstrap>", line 228, in _call_with_frames_removed
  File "check_word.py", line 1, in <module>
    import requests
ModuleNotFoundError: No module named 'requests'
Traceback (most recent call last):
  File "/home/visualsnow/RevGrabber/passenger_wsgi.py", line 8, in <module>
    wsgi = imp.load_source('wsgi', 'check_word.py')
  File "/opt/alt/python39/lib64/python3.9/imp.py", line 171, in load_source
    module = _load(spec)
  File "<frozen importlib._bootstrap>", line 711, in _load
  File "<frozen importlib._bootstrap>", line 680, in _load_unlocked
  File "<frozen importlib._bootstrap_external>", line 850, in exec_module
  File "<frozen importlib._bootstrap>", line 228, in _call_with_frames_removed
  File "check_word.py", line 1, in <module>
    import requests
ModuleNotFoundError: No module named 'requests'
Traceback (most recent call last):
  File "/home/visualsnow/RevGrabber/passenger_wsgi.py", line 8, in <module>
    wsgi = imp.load_source('wsgi', 'check_word.py')
  File "/opt/alt/python39/lib64/python3.9/imp.py", line 171, in load_source
    module = _load(spec)
  File "<frozen importlib._bootstrap>", line 711, in _load
  File "<frozen importlib._bootstrap>", line 680, in _load_unlocked
  File "<frozen importlib._bootstrap_external>", line 850, in exec_module
  File "<frozen importlib._bootstrap>", line 228, in _call_with_frames_removed
  File "check_word.py", line 1, in <module>
    import requests
ModuleNotFoundError: No module named 'requests'
Traceback (most recent call last):
  File "/home/visualsnow/RevGrabber/passenger_wsgi.py", line 8, in <module>
    wsgi = imp.load_source('wsgi', 'check_word.py')
  File "/opt/alt/python39/lib64/python3.9/imp.py", line 171, in load_source
    module = _load(spec)
  File "<frozen importlib._bootstrap>", line 711, in _load
  File "<frozen importlib._bootstrap>", line 680, in _load_unlocked
  File "<frozen importlib._bootstrap_external>", line 850, in exec_module
  File "<frozen importlib._bootstrap>", line 228, in _call_with_frames_removed
  File "check_word.py", line 1, in <module>
    import requests
ModuleNotFoundError: No module named 'requests'
Traceback (most recent call last):
  File "/home/visualsnow/RevGrabber/passenger_wsgi.py", line 9, in <module>
    application = wsgi.app
AttributeError: module 'wsgi' has no attribute 'app'
Traceback (most recent call last):
  File "/home/visualsnow/RevGrabber/passenger_wsgi.py", line 9, in <module>
    application = wsgi.app
AttributeError: module 'wsgi' has no attribute 'app'
Traceback (most recent call last):
  File "/home/visualsnow/RevGrabber/passenger_wsgi.py", line 9, in <module>
    application = wsgi.app
AttributeError: module 'wsgi' has no attribute 'app'
Traceback (most recent call last):
  File "/home/visualsnow/RevGrabber/passenger_wsgi.py", line 9, in <module>
    application = wsgi.app
AttributeError: module 'wsgi' has no attribute 'app'
Traceback (most recent call last):
  File "/home/visualsnow/RevGrabber/passenger_wsgi.py", line 9, in <module>
    application = wsgi.app
AttributeError: module 'wsgi' has no attribute 'app'
Traceback (most recent call last):
  File "/home/visualsnow/RevGrabber/passenger_wsgi.py", line 9, in <module>
    application = wsgi.app
AttributeError: module 'wsgi' has no attribute 'app'
Traceback (most recent call last):
  File "/home/visualsnow/RevGrabber/passenger_wsgi.py", line 9, in <module>
    application = wsgi.app
AttributeError: module 'wsgi' has no attribute 'app'
Traceback (most recent call last):
  File "/home/visualsnow/RevGrabber/passenger_wsgi.py", line 9, in <module>
    application = wsgi.app
AttributeError: module 'wsgi' has no attribute 'app'
Traceback (most recent call last):
  File "/home/visualsnow/RevGrabber/passenger_wsgi.py", line 9, in <module>
    application = wsgi.app
AttributeError: module 'wsgi' has no attribute 'app'
Traceback (most recent call last):
  File "/home/visualsnow/RevGrabber/passenger_wsgi.py", line 9, in <module>
    application = wsgi.app
AttributeError: module 'wsgi' has no attribute 'app'
Traceback (most recent call last):
  File "/home/visualsnow/RevGrabber/passenger_wsgi.py", line 9, in <module>
    application = wsgi.app
AttributeError: module 'wsgi' has no attribute 'app'
Traceback (most recent call last):
  File "/home/visualsnow/RevGrabber/passenger_wsgi.py", line 9, in <module>
    application = wsgi.app
AttributeError: module 'wsgi' has no attribute 'app'
Traceback (most recent call last):
  File "/home/visualsnow/RevGrabber/passenger_wsgi.py", line 9, in <module>
    application = wsgi.app
AttributeError: module 'wsgi' has no attribute 'app'
Traceback (most recent call last):
  File "/home/visualsnow/RevGrabber/passenger_wsgi.py", line 9, in <module>
    application = wsgi.app
AttributeError: module 'wsgi' has no attribute 'app'
Traceback (most recent call last):
  File "/home/visualsnow/RevGrabber/passenger_wsgi.py", line 9, in <module>
    application = wsgi.app
AttributeError: module 'wsgi' has no attribute 'app'
Traceback (most recent call last):
  File "/home/visualsnow/RevGrabber/passenger_wsgi.py", line 9, in <module>
    application = wsgi.app
AttributeError: module 'wsgi' has no attribute 'app'
Traceback (most recent call last):
  File "/home/visualsnow/RevGrabber/passenger_wsgi.py", line 9, in <module>
    application = wsgi.app
AttributeError: module 'wsgi' has no attribute 'app'
Traceback (most recent call last):
  File "/home/visualsnow/RevGrabber/passenger_wsgi.py", line 9, in <module>
    application = wsgi.app
AttributeError: module 'wsgi' has no attribute 'app'
Traceback (most recent call last):
  File "/home/visualsnow/RevGrabber/passenger_wsgi.py", line 9, in <module>
    application = wsgi.app
AttributeError: module 'wsgi' has no attribute 'app'
Traceback (most recent call last):
  File "/home/visualsnow/RevGrabber/passenger_wsgi.py", line 9, in <module>
    application = wsgi.app
AttributeError: module 'wsgi' has no attribute 'app'
Traceback (most recent call last):
  File "/home/visualsnow/RevGrabber/passenger_wsgi.py", line 9, in <module>
    application = wsgi.app
AttributeError: module 'wsgi' has no attribute 'app'
Traceback (most recent call last):
  File "/home/visualsnow/RevGrabber/passenger_wsgi.py", line 9, in <module>
    application = wsgi.app
AttributeError: module 'wsgi' has no attribute 'app'
Traceback (most recent call last):
  File "/home/visualsnow/RevGrabber/passenger_wsgi.py", line 9, in <module>
    application = wsgi.app
AttributeError: module 'wsgi' has no attribute 'app'
Traceback (most recent call last):
  File "/home/visualsnow/RevGrabber/passenger_wsgi.py", line 9, in <module>
    application = wsgi.app
AttributeError: module 'wsgi' has no attribute 'app'
Traceback (most recent call last):
  File "/home/visualsnow/RevGrabber/passenger_wsgi.py", line 9, in <module>
    application = wsgi.app
AttributeError: module 'wsgi' has no attribute 'app'
Traceback (most recent call last):
  File "/home/visualsnow/RevGrabber/passenger_wsgi.py", line 9, in <module>
    application = wsgi.app
AttributeError: module 'wsgi' has no attribute 'app'
Traceback (most recent call last):
  File "/home/visualsnow/RevGrabber/passenger_wsgi.py", line 9, in <module>
    application = wsgi.app
AttributeError: module 'wsgi' has no attribute 'app'
Traceback (most recent call last):
  File "/home/visualsnow/RevGrabber/passenger_wsgi.py", line 9, in <module>
    application = wsgi.app
AttributeError: module 'wsgi' has no attribute 'app'
Traceback (most recent call last):
  File "/home/visualsnow/RevGrabber/passenger_wsgi.py", line 9, in <module>
    application = wsgi.app
AttributeError: module 'wsgi' has no attribute 'app'
Traceback (most recent call last):
  File "/home/visualsnow/RevGrabber/passenger_wsgi.py", line 9, in <module>
    application = wsgi.app
AttributeError: module 'wsgi' has no attribute 'app'
Traceback (most recent call last):
  File "/home/visualsnow/RevGrabber/passenger_wsgi.py", line 9, in <module>
    application = wsgi.app
AttributeError: module 'wsgi' has no attribute 'app'
Traceback (most recent call last):
  File "/home/visualsnow/RevGrabber/passenger_wsgi.py", line 9, in <module>
    application = wsgi.app
AttributeError: module 'wsgi' has no attribute 'app'
Traceback (most recent call last):
  File "/home/visualsnow/RevGrabber/passenger_wsgi.py", line 9, in <module>
    application = wsgi.app
AttributeError: module 'wsgi' has no attribute 'app'
Traceback (most recent call last):
  File "/home/visualsnow/RevGrabber/passenger_wsgi.py", line 9, in <module>
    application = wsgi.app
AttributeError: module 'wsgi' has no attribute 'app'
Traceback (most recent call last):
  File "/home/visualsnow/RevGrabber/passenger_wsgi.py", line 9, in <module>
    application = wsgi.app
AttributeError: module 'wsgi' has no attribute 'app'
Traceback (most recent call last):
  File "/home/visualsnow/RevGrabber/passenger_wsgi.py", line 9, in <module>
    application = wsgi.app
AttributeError: module 'wsgi' has no attribute 'app'
Traceback (most recent call last):
  File "/home/visualsnow/RevGrabber/passenger_wsgi.py", line 9, in <module>
    application = wsgi.app
AttributeError: module 'wsgi' has no attribute 'app'
Traceback (most recent call last):
  File "/home/visualsnow/RevGrabber/passenger_wsgi.py", line 9, in <module>
    application = wsgi.app
AttributeError: module 'wsgi' has no attribute 'app'
Traceback (most recent call last):
  File "/home/visualsnow/RevGrabber/passenger_wsgi.py", line 9, in <module>
    application = wsgi.app
AttributeError: module 'wsgi' has no attribute 'app'
Traceback (most recent call last):
  File "/home/visualsnow/RevGrabber/passenger_wsgi.py", line 9, in <module>
    application = wsgi.app
AttributeError: module 'wsgi' has no attribute 'app'
Traceback (most recent call last):
  File "/home/visualsnow/RevGrabber/passenger_wsgi.py", line 9, in <module>
    application = wsgi.app
AttributeError: module 'wsgi' has no attribute 'app'
Traceback (most recent call last):
  File "/home/visualsnow/RevGrabber/passenger_wsgi.py", line 9, in <module>
    application = wsgi.app
AttributeError: module 'wsgi' has no attribute 'app'
Traceback (most recent call last):
  File "/home/visualsnow/RevGrabber/passenger_wsgi.py", line 9, in <module>
    application = wsgi.app
AttributeError: module 'wsgi' has no attribute 'app'
Traceback (most recent call last):
  File "/home/visualsnow/RevGrabber/passenger_wsgi.py", line 9, in <module>
    application = wsgi.app
AttributeError: module 'wsgi' has no attribute 'app'
Traceback (most recent call last):
  File "/home/visualsnow/RevGrabber/passenger_wsgi.py", line 9, in <module>
    application = wsgi.app
AttributeError: module 'wsgi' has no attribute 'app'
Traceback (most recent call last):
  File "/home/visualsnow/RevGrabber/passenger_wsgi.py", line 9, in <module>
    application = wsgi.app
AttributeError: module 'wsgi' has no attribute 'app'
Traceback (most recent call last):
  File "/home/visualsnow/RevGrabber/passenger_wsgi.py", line 9, in <module>
    application = wsgi.app
AttributeError: module 'wsgi' has no attribute 'app'
Traceback (most recent call last):
  File "/home/visualsnow/RevGrabber/passenger_wsgi.py", line 9, in <module>
    application = wsgi.app
AttributeError: module 'wsgi' has no attribute 'app'
Traceback (most recent call last):
  File "/home/visualsnow/RevGrabber/passenger_wsgi.py", line 9, in <module>
    application = wsgi.app
AttributeError: module 'wsgi' has no attribute 'app'
Traceback (most recent call last):
  File "/home/visualsnow/RevGrabber/passenger_wsgi.py", line 9, in <module>
    application = wsgi.app
AttributeError: module 'wsgi' has no attribute 'app'
Traceback (most recent call last):
  File "/home/visualsnow/RevGrabber/passenger_wsgi.py", line 9, in <module>
    application = wsgi.app
AttributeError: module 'wsgi' has no attribute 'app'
Traceback (most recent call last):
  File "/home/visualsnow/RevGrabber/passenger_wsgi.py", line 9, in <module>
    application = wsgi.app
AttributeError: module 'wsgi' has no attribute 'app'
